C51 COMPILER V9.60.7.0   TASK1                                                             03/31/2024 22:27:56 PAGE 1   


C51 COMPILER V9.60.7.0, COMPILATION OF MODULE TASK1
OBJECT MODULE PLACED IN .\Objects\task1.obj
COMPILER INVOKED BY: C:\Keil_v5\C51\BIN\C51.EXE task1.c OPTIMIZE(8,SPEED) BROWSE DEBUG OBJECTEXTEND PRINT(.\Listings\tas
                    -k1.lst) TABS(2) OBJECT(.\Objects\task1.obj)

line level    source

   1          #include <reg51.h>
   2          
   3          sbit pin = P3 ^ 0;
   4          int count = 0;
   5          
   6          void startTimer0(){ 
   7   1        TR0 = 1;
   8   1      }
   9          
  10          void timer0() interrupt 1{ 
  11   1        count++;
  12   1        if(count == 5){
  13   2          pin = ~pin;
  14   2          count = 0;
  15   2        }
  16   1        
  17   1        //delay = 65535 - 60000 = 63BF
  18   1        TH0 = 0x63; // high byte of timer 0
  19   1        TL0 = 0xBF; // lower byte of timer 0
  20   1      }
  21          
  22          void startTimer(){ // 
  23   1        TMOD = 0x01; 
  24   1        IE = 0x82; 
  25   1      }
  26          
  27          void main(){
  28   1        startTimer0();
  29   1        startTimer();
  30   1      
  31   1        while(1);   
  32   1      }


MODULE INFORMATION:   STATIC OVERLAYABLE
   CODE SIZE        =     49    ----
   CONSTANT SIZE    =   ----    ----
   XDATA SIZE       =   ----    ----
   PDATA SIZE       =   ----    ----
   DATA SIZE        =      2    ----
   IDATA SIZE       =   ----    ----
   BIT SIZE         =   ----    ----
END OF MODULE INFORMATION.


C51 COMPILATION COMPLETE.  0 WARNING(S),  0 ERROR(S)
