C51 COMPILER V9.60.7.0   LAB_3_1                                                           02/27/2024 22:20:40 PAGE 1   


C51 COMPILER V9.60.7.0, COMPILATION OF MODULE LAB_3_1
OBJECT MODULE PLACED IN .\Objects\Lab_3_1.obj
COMPILER INVOKED BY: C:\Keil_v5\C51\BIN\C51.EXE Lab_3_1.c OPTIMIZE(8,SPEED) BROWSE DEBUG OBJECTEXTEND PRINT(.\Listings\L
                    -ab_3_1.lst) TABS(2) OBJECT(.\Objects\Lab_3_1.obj)

line level    source

   1          #include <reg51.h>
   2          
   3          sbit mybit = P1^0;
   4          
   5          void main(){
   6   1        
   7   1        
   8   1        unsigned int i;
   9   1        
  10   1        while(1){
  11   2          
  12   2          mybit = 0;
  13   2          for(i = 0; i < 10; i++);
  14   2          mybit = 1;
  15   2        }
  16   1          
  17   1      }


MODULE INFORMATION:   STATIC OVERLAYABLE
   CODE SIZE        =     20    ----
   CONSTANT SIZE    =   ----    ----
   XDATA SIZE       =   ----    ----
   PDATA SIZE       =   ----    ----
   DATA SIZE        =   ----    ----
   IDATA SIZE       =   ----    ----
   BIT SIZE         =   ----    ----
END OF MODULE INFORMATION.


C51 COMPILATION COMPLETE.  0 WARNING(S),  0 ERROR(S)
