C51 COMPILER V9.60.7.0   TASK1                                                             03/05/2024 09:27:23 PAGE 1   


C51 COMPILER V9.60.7.0, COMPILATION OF MODULE TASK1
OBJECT MODULE PLACED IN .\Objects\Task1.obj
COMPILER INVOKED BY: C:\Keil_v5\C51\BIN\C51.EXE Task1.c OPTIMIZE(8,SPEED) BROWSE DEBUG OBJECTEXTEND PRINT(.\Listings\Tas
                    -k1.lst) TABS(2) OBJECT(.\Objects\Task1.obj)

line level    source

   1          #include <reg51.h>
   2          
   3          sbit p_btn = P2^0;
   4          sbit p_led = P2^1;
   5          sbit i_btn = P3^2;
   6          sbit i_led = P3^4;
   7          int i = 0;
   8          
   9          void E_I_() interrupt 0
  10            {
  11   1          for(i = 0; i < 1000; i++);
  12   1              i_led ^= 1;
  13   1            
  14   1            
  15   1        }
  16            
  17          void main(){
  18   1          i_btn = 1;
  19   1          p_btn = 1;
  20   1          EA = 1;
  21   1          EX0 = 1;
  22   1        while(1){
  23   2            if(p_btn == 0)
  24   2              p_led = 1;
  25   2            else
  26   2              p_led = 0;
  27   2          }
  28   1        }


MODULE INFORMATION:   STATIC OVERLAYABLE
   CODE SIZE        =     55    ----
   CONSTANT SIZE    =   ----    ----
   XDATA SIZE       =   ----    ----
   PDATA SIZE       =   ----    ----
   DATA SIZE        =      2    ----
   IDATA SIZE       =   ----    ----
   BIT SIZE         =   ----    ----
END OF MODULE INFORMATION.


C51 COMPILATION COMPLETE.  0 WARNING(S),  0 ERROR(S)
