C51 COMPILER V9.60.7.0   LAB_3_2                                                           02/27/2024 09:49:56 PAGE 1   


C51 COMPILER V9.60.7.0, COMPILATION OF MODULE LAB_3_2
OBJECT MODULE PLACED IN .\Objects\Lab_3_2.obj
COMPILER INVOKED BY: C:\Keil_v5\C51\BIN\C51.EXE Lab_3_2.c OPTIMIZE(8,SPEED) BROWSE DEBUG OBJECTEXTEND PRINT(.\Listings\L
                    -ab_3_2.lst) TABS(2) OBJECT(.\Objects\Lab_3_2.obj)

line level    source

   1          #include <reg51.h>
   2          
   3          sbit button1 = P2^1;
   4          sbit button2 = P2^2;
   5          sbit button3 = P2^3;
   6          sbit led1 = P1^0;
   7          sbit led2 = P1^1;
   8          sbit led3 = P1^2;
   9          sbit led4 = P1^3;
  10          sbit led5 = P1^4;
  11          sbit led6 = P1^5;
  12          sbit led7 = P1^6;
  13          sbit led8 = P1^7;
  14          
  15          void main(){
  16   1        while(1){
  17   2          if(button1 == 0 & button2 == 0 & button3 == 0){
  18   3            led1 = 1;
  19   3            led2 = 0;
  20   3            led3 = 0;
  21   3            led4 = 0;
  22   3            led5 = 0;
  23   3            led6 = 0;
  24   3            led7 = 0;
  25   3            led8 = 0;
  26   3          }
  27   2          else if(button1 == 0 & button2 == 0 & button3 == 1){
  28   3            led1 = 0;
  29   3            led2 = 1;
  30   3            led3 = 0;
  31   3            led4 = 0;
  32   3            led5 = 0;
  33   3            led6 = 0;
  34   3            led7 = 0;
  35   3            led8 = 0;
  36   3          }
  37   2          else if(button1 == 0 & button2 == 1 & button3 == 0){
  38   3            led1 = 0;
  39   3            led2 = 0;
  40   3            led3 = 1;
  41   3            led4 = 0;
  42   3            led5 = 0;
  43   3            led6 = 0;
  44   3            led7 = 0;
  45   3            led8 = 0;
  46   3          }
  47   2          else if(button1 == 0 & button2 == 1 & button3 == 1){
  48   3            led1 = 1;
  49   3            led2 = 0;
  50   3            led3 = 0;
  51   3            led4 = 1;
  52   3            led5 = 0;
  53   3            led6 = 0;
  54   3            led7 = 0;
C51 COMPILER V9.60.7.0   LAB_3_2                                                           02/27/2024 09:49:56 PAGE 2   

  55   3            led8 = 0;
  56   3          }
  57   2          else if(button1 == 1 & button2 == 0 & button3 == 0){
  58   3            led1 = 0;
  59   3            led2 = 0;
  60   3            led3 = 0;
  61   3            led4 = 0;
  62   3            led5 = 1;
  63   3            led6 = 0;
  64   3            led7 = 0;
  65   3            led8 = 0;
  66   3          }
  67   2          else if(button1 == 1 & button2 == 0 & button3 == 1){
  68   3            led1 = 0;
  69   3            led2 = 0;
  70   3            led3 = 0;
  71   3            led4 = 0;
  72   3            led5 = 0;
  73   3            led6 = 1;
  74   3            led7 = 0;
  75   3            led8 = 0;
  76   3          }
  77   2          else if(button1 == 1 & button2 == 1 & button3 == 0){
  78   3            led1 = 0;
  79   3            led2 = 0;
  80   3            led3 = 0;
  81   3            led4 = 0;
  82   3            led5 = 0;
  83   3            led6 = 0;
  84   3            led7 = 1;
  85   3            led8 = 0;
  86   3          }
  87   2          else if(button1 == 1 & button2 == 1 & button3 == 1){
  88   3            led1 = 0;
  89   3            led2 = 0;
  90   3            led3 = 0;
  91   3            led4 = 0;
  92   3            led5 = 0;
  93   3            led6 = 0;
  94   3            led7 = 0;
  95   3            led8 = 1;
  96   3          }
  97   2          
  98   2        }
  99   1      }


MODULE INFORMATION:   STATIC OVERLAYABLE
   CODE SIZE        =    382    ----
   CONSTANT SIZE    =   ----    ----
   XDATA SIZE       =   ----    ----
   PDATA SIZE       =   ----    ----
   DATA SIZE        =   ----    ----
   IDATA SIZE       =   ----    ----
   BIT SIZE         =   ----    ----
END OF MODULE INFORMATION.


C51 COMPILATION COMPLETE.  0 WARNING(S),  0 ERROR(S)
