C51 COMPILER V9.60.7.0   LAB_3_01                                                          02/27/2024 09:01:01 PAGE 1   


C51 COMPILER V9.60.7.0, COMPILATION OF MODULE LAB_3_01
OBJECT MODULE PLACED IN .\Objects\Lab_3_01.obj
COMPILER INVOKED BY: C:\Keil_v5\C51\BIN\C51.EXE Lab_3_01.c OPTIMIZE(8,SPEED) BROWSE DEBUG OBJECTEXTEND PRINT(.\Listings\
                    -Lab_3_01.lst) TABS(2) OBJECT(.\Objects\Lab_3_01.obj)

line level    source

   1          #include <reg51.h>
   2          
   3          sbit mybit = P2^1;
   4          
   5          void main(){
   6   1        unsigned int i;
   7   1        for(i = 0; i < 50; i++){
   8   2          mybit = 0;
   9   2          mybit = 1;
  10   2        } 
  11   1      } 


MODULE INFORMATION:   STATIC OVERLAYABLE
   CODE SIZE        =     19    ----
   CONSTANT SIZE    =   ----    ----
   XDATA SIZE       =   ----    ----
   PDATA SIZE       =   ----    ----
   DATA SIZE        =   ----    ----
   IDATA SIZE       =   ----    ----
   BIT SIZE         =   ----    ----
END OF MODULE INFORMATION.


C51 COMPILATION COMPLETE.  0 WARNING(S),  0 ERROR(S)
