C51 COMPILER V9.60.7.0   TASK_3                                                            05/14/2024 10:13:05 PAGE 1   


C51 COMPILER V9.60.7.0, COMPILATION OF MODULE TASK_3
OBJECT MODULE PLACED IN .\Objects\task_3.obj
COMPILER INVOKED BY: C:\Keil_v5\C51\BIN\C51.EXE task_3.c OPTIMIZE(8,SPEED) BROWSE DEBUG OBJECTEXTEND PRINT(.\Listings\ta
                    -sk_3.lst) TABS(2) OBJECT(.\Objects\task_3.obj)

line level    source

   1          #include<reg51.h>
   2          
   3          sbit mybit=P2^0;
   4          sbit button=P3^2;
   5          
   6          void start_timer()
   7          {
   8   1        TMOD=0x01;
   9   1        IE=0x82;
  10   1      }
  11          
  12          void timer() interrupt 1
  13          {
  14   1        if(button)
  15   1        {
  16   2          if(mybit)
  17   2          {
  18   3            TH0=0xF4;
  19   3            TL0=0x47;
  20   3          }
  21   2          else
  22   2          {
  23   3            TH0=0xF8;
  24   3            TL0=0x2F;
  25   3          }
  26   2          
  27   2        }
  28   1        else
  29   1        {
  30   2          if(mybit)
  31   2          {
  32   3            TH0=0xF0;
  33   3            TL0=0x5F;
  34   3          }
  35   2          else
  36   2          {
  37   3            TH0=0xE8;
  38   3            TL0=0x8F;
  39   3          }
  40   2        }
  41   1        mybit= ~mybit;
  42   1      }
  43          
  44          void init()
  45          {
  46   1        TR0=1;
  47   1      }
  48          
  49          void main()
  50          {
  51   1        start_timer();
  52   1        init();
  53   1        while(1);
  54   1        {
C51 COMPILER V9.60.7.0   TASK_3                                                            05/14/2024 10:13:05 PAGE 2   

  55   2        }
  56   1        
  57   1      }


MODULE INFORMATION:   STATIC OVERLAYABLE
   CODE SIZE        =     60    ----
   CONSTANT SIZE    =   ----    ----
   XDATA SIZE       =   ----    ----
   PDATA SIZE       =   ----    ----
   DATA SIZE        =   ----    ----
   IDATA SIZE       =   ----    ----
   BIT SIZE         =   ----    ----
END OF MODULE INFORMATION.


C51 COMPILATION COMPLETE.  0 WARNING(S),  0 ERROR(S)
