C51 COMPILER V9.60.7.0   TASK_1                                                            05/05/2024 22:48:17 PAGE 1   


C51 COMPILER V9.60.7.0, COMPILATION OF MODULE TASK_1
OBJECT MODULE PLACED IN .\Objects\task_1.obj
COMPILER INVOKED BY: C:\Keil_v5\C51\BIN\C51.EXE task_1.c OPTIMIZE(8,SPEED) BROWSE DEBUG OBJECTEXTEND PRINT(.\Listings\ta
                    -sk_1.lst) TABS(2) OBJECT(.\Objects\task_1.obj)

line level    source

   1          #include <reg51.h>
   2          
   3          sbit I_P = P3^4;
   4          
   5          void start_timer()
   6          {
   7   1        TR0 = 1; // Start Timer 0
   8   1      }
   9          
  10          void init_timer()
  11          {
  12   1        TMOD = 0x06; // Timer 0, 8-bit auto reload mode
  13   1        TH0 = 0;
  14   1        I_P = 1; // Assuming this pin is used for some purpose
  15   1      }
  16          
  17          void main()
  18          {
  19   1        init_timer();
  20   1        start_timer();
  21   1      
  22   1        while (1)
  23   1        {
  24   2          // Your code here
  25   2          // For example, if you want to read the timer value and display it on P1
  26   2          P1 = TL0; // TL0 holds the low byte of Timer 0
  27   2        }
  28   1      }
  29          


MODULE INFORMATION:   STATIC OVERLAYABLE
   CODE SIZE        =     23    ----
   CONSTANT SIZE    =   ----    ----
   XDATA SIZE       =   ----    ----
   PDATA SIZE       =   ----    ----
   DATA SIZE        =   ----    ----
   IDATA SIZE       =   ----    ----
   BIT SIZE         =   ----    ----
END OF MODULE INFORMATION.


C51 COMPILATION COMPLETE.  0 WARNING(S),  0 ERROR(S)
