C51 COMPILER V9.60.7.0   TASK1_3                                                           03/26/2024 23:51:03 PAGE 1   


C51 COMPILER V9.60.7.0, COMPILATION OF MODULE TASK1_3
OBJECT MODULE PLACED IN .\Objects\task1-3.obj
COMPILER INVOKED BY: C:\Keil_v5\C51\BIN\C51.EXE task1-3.c OPTIMIZE(8,SPEED) BROWSE DEBUG OBJECTEXTEND PRINT(.\Listings\t
                    -ask1-3.lst) TABS(2) OBJECT(.\Objects\task1-3.obj)

line level    source

   1          #include <reg51.h>
   2          
   3          
   4          void main(void){
   5   1        
   6   1      P0 = 0x00;
   7   1        
   8   1      for(;;){
   9   2        
  10   2        P0 = 0x24;  //2
  11   2        
  12   2      }
  13   1      }


MODULE INFORMATION:   STATIC OVERLAYABLE
   CODE SIZE        =      8    ----
   CONSTANT SIZE    =   ----    ----
   XDATA SIZE       =   ----    ----
   PDATA SIZE       =   ----    ----
   DATA SIZE        =   ----    ----
   IDATA SIZE       =   ----    ----
   BIT SIZE         =   ----    ----
END OF MODULE INFORMATION.


C51 COMPILATION COMPLETE.  0 WARNING(S),  0 ERROR(S)
