C51 COMPILER V9.60.7.0   LAB_3_2                                                           02/27/2024 22:30:39 PAGE 1   


C51 COMPILER V9.60.7.0, COMPILATION OF MODULE LAB_3_2
OBJECT MODULE PLACED IN .\Objects\Lab_3_2.obj
COMPILER INVOKED BY: C:\Keil_v5\C51\BIN\C51.EXE Lab_3_2.c OPTIMIZE(8,SPEED) BROWSE DEBUG OBJECTEXTEND PRINT(.\Listings\L
                    -ab_3_2.lst) TABS(2) OBJECT(.\Objects\Lab_3_2.obj)

line level    source

   1          #include <reg51.h>
   2          
   3          sbit btn = P2^1;
   4          sbit led = P1^0;
   5          sbit led1 = P1^1;
   6          
   7          void main(){
   8   1        
   9   1        while(1){
  10   2          if(btn == 0){
  11   3            led = 1;
  12   3            led1 = 0;
  13   3          }
  14   2          else if(btn == 1){
  15   3            led = 0;
  16   3            led1 = 1;
  17   3          }
  18   2        }
  19   1      }
  20            


MODULE INFORMATION:   STATIC OVERLAYABLE
   CODE SIZE        =     18    ----
   CONSTANT SIZE    =   ----    ----
   XDATA SIZE       =   ----    ----
   PDATA SIZE       =   ----    ----
   DATA SIZE        =   ----    ----
   IDATA SIZE       =   ----    ----
   BIT SIZE         =   ----    ----
END OF MODULE INFORMATION.


C51 COMPILATION COMPLETE.  0 WARNING(S),  0 ERROR(S)
