C51 COMPILER V9.60.7.0   LAB_3_3                                                           02/27/2024 22:41:23 PAGE 1   


C51 COMPILER V9.60.7.0, COMPILATION OF MODULE LAB_3_3
OBJECT MODULE PLACED IN .\Objects\Lab_3_3.obj
COMPILER INVOKED BY: C:\Keil_v5\C51\BIN\C51.EXE Lab_3_3.c OPTIMIZE(8,SPEED) BROWSE DEBUG OBJECTEXTEND PRINT(.\Listings\L
                    -ab_3_3.lst) TABS(2) OBJECT(.\Objects\Lab_3_3.obj)

line level    source

   1          #include <reg51.h>
   2          
   3          sbit btn1 = P2^1;
   4          sbit btn2 = P2^2;
   5          
   6          sbit led1 = P1^0;
   7          sbit led2 = P1^1;
   8          sbit led3 = P1^2;
   9          sbit led4 = P1^3;
  10          
  11          void main(){
  12   1        
  13   1        while(1){
  14   2          if(btn1 == 0 && btn2 == 0){
  15   3            led1 = 1;
  16   3            led2 = 0;
  17   3            led3 = 0;
  18   3            led4 = 0;
  19   3          }
  20   2          else if(btn1 == 0 && btn2 == 1){
  21   3            led1 = 0;
  22   3            led2 = 1;
  23   3            led3 = 0;
  24   3            led4 = 0;
  25   3          }
  26   2          else if(btn1 == 1 && btn2 == 0){
  27   3            led1 = 0;
  28   3            led2 = 0;
  29   3            led3 = 1;
  30   3            led4 = 0;
  31   3          }
  32   2          else if(btn1 == 1 && btn2 == 1){
  33   3            led1 = 0;
  34   3            led2 = 0;
  35   3            led3 = 0;
  36   3            led4 = 1;
  37   3          }
  38   2        }
  39   1      }
  40            


MODULE INFORMATION:   STATIC OVERLAYABLE
   CODE SIZE        =     60    ----
   CONSTANT SIZE    =   ----    ----
   XDATA SIZE       =   ----    ----
   PDATA SIZE       =   ----    ----
   DATA SIZE        =   ----    ----
   IDATA SIZE       =   ----    ----
   BIT SIZE         =   ----    ----
END OF MODULE INFORMATION.


C51 COMPILATION COMPLETE.  0 WARNING(S),  0 ERROR(S)
