C51 COMPILER V9.60.7.0   TASK3                                                             04/23/2024 10:26:29 PAGE 1   


C51 COMPILER V9.60.7.0, COMPILATION OF MODULE TASK3
OBJECT MODULE PLACED IN .\Objects\task3.obj
COMPILER INVOKED BY: C:\Keil_v5\C51\BIN\C51.EXE task3.c OPTIMIZE(8,SPEED) BROWSE DEBUG OBJECTEXTEND PRINT(.\Listings\tas
                    -k3.lst) TABS(2) OBJECT(.\Objects\task3.obj)

line level    source

   1          #include <reg51.h>
   2          
   3          unsigned int i, l;
   4          
   5          void delay(int time){
   6   1      unsigned int j, k;
   7   1        for(j = 0; j < time; j++){
   8   2          for(k = 0; k < 1225; k++) {}
   9   2        }
  10   1        
  11   1      }
  12          
  13          void main(){
  14   1        while(1){
  15   2          for(i = 0x00; i <= 0x90; i=i+0x10){
  16   3            for(l = 0; l < 10; l++){
  17   4              P1 = i | l;
  18   4              delay(100);
  19   4          }
  20   3        }
  21   2        }
  22   1      }
  23            


MODULE INFORMATION:   STATIC OVERLAYABLE
   CODE SIZE        =     96    ----
   CONSTANT SIZE    =   ----    ----
   XDATA SIZE       =   ----    ----
   PDATA SIZE       =   ----    ----
   DATA SIZE        =      4    ----
   IDATA SIZE       =   ----    ----
   BIT SIZE         =   ----    ----
END OF MODULE INFORMATION.


C51 COMPILATION COMPLETE.  0 WARNING(S),  0 ERROR(S)
